<?xml version="1.0" encoding="UTF-8"?>
<!-- Generated by org.testng.reporters.JUnitXMLReporter -->
<testsuite hostname="ponsraji-pc" name="Default test" tests="6" failures="0" timestamp="22 Mar 2019 07:26:05 GMT" time="160.441" errors="0">
  <testcase name="test1" time="2.657" classname="com.training.Salesforce.SalesforceTestcases"/>
  <testcase name="test2" time="10.118" classname="com.training.Salesforce.SalesforceTestcases"/>
  <testcase name="test3" time="23.931" classname="com.training.Salesforce.SalesforceTestcases"/>
  <testcase name="test4A" time="1.532" classname="com.training.Salesforce.SalesforceTestcases"/>
  <testcase name="test4B" time="3.363" classname="com.training.Salesforce.SalesforceTestcases"/>
  <testcase name="test5" time="26.762" classname="com.training.Salesforce.SalesforceTestcases"/>
</testsuite> <!-- Default test -->
